This file contains any messages produced by compilers while
running configure, to aid debugging if configure makes a mistake.

It was created by FULL-PACKAGE-NAME configure VERSION, which was
generated by GNU Autoconf 2.69.  Invocation command line was

  $ ./configure 

## --------- ##
## Platform. ##
## --------- ##

hostname = NS80021539
uname -m = x86_64
uname -r = 3.0.7(0.338/5/3)
uname -s = CYGWIN_NT-10.0
uname -v = 2019-04-30 18:08

/usr/bin/uname -p = unknown
/bin/uname -X     = unknown

/bin/arch              = x86_64
/usr/bin/arch -k       = unknown
/usr/convex/getsysinfo = unknown
/usr/bin/hostinfo      = unknown
/bin/machine           = unknown
/usr/bin/oslevel       = unknown
/bin/universe          = unknown

PATH: /usr/local/bin
PATH: /usr/bin
PATH: /cygdrive/c/Program Files (x86)/NetSarang/Xftp 6
PATH: /cygdrive/d/Program Files/Java/jdk1.8.0_131/bin
PATH: /cygdrive/c/ProgramData/Oracle/Java/javapath
PATH: /cygdrive/c/Python27/Scripts
PATH: /cygdrive/c/Python27
PATH: /cygdrive/c/Program Files (x86)/NetSarang/Xshell 6
PATH: /cygdrive/c/windows/system32
PATH: /cygdrive/c/windows
PATH: /cygdrive/c/windows/System32/Wbem
PATH: /cygdrive/c/windows/System32/WindowsPowerShell/v1.0
PATH: /cygdrive/d/Program Files/TDM-GCC-64/bin
PATH: /cygdrive/c/Program Files (x86)/ATI Technologies/ATI.ACE/Core-Static
PATH: /cygdrive/c/Program Files/Microsoft SQL Server/110/Tools/Binn
PATH: /cygdrive/c/Program Files (x86)/Oracle/Instant Client/bin
PATH: /cygdrive/c/Program Files (x86)/MSBuild/12.0/Bin
PATH: /cygdrive/c/Program Files/Git/cmd
PATH: /cygdrive/c/Program Files/dotnet
PATH: /cygdrive/c/Program Files/Microsoft SQL Server/130/Tools/Binn
PATH: /cygdrive/c/NXP/ProductionFlashProgrammer
PATH: /cygdrive/d/Program Files/TortoiseGit/bin
PATH: /cygdrive/d/Program Files/android-ndk-r13b
PATH: /cygdrive/d/Program Files/platform-tools
PATH: /cygdrive/c/Program Files/TortoiseSVN/bin
PATH: /cygdrive/d/Program Files/MentorGraphics/Sourcery_CodeBench_Lite_for_ARM_EABI/bin
PATH: /cygdrive/d/Program Files/Java/jdk1.7.0_17/bin
PATH: /cygdrive/d/Program Files/Java/jdk1.7.0_17/jre/bin
PATH: /cygdrive/c/Users/80021539/AppData/Local/GitHubDesktop/bin


## ----------- ##
## Core tests. ##
## ----------- ##

configure:2389: checking for a BSD-compatible install
configure:2457: result: /usr/bin/install -c
configure:2468: checking whether build environment is sane
configure:2523: result: yes
configure:2674: checking for a thread-safe mkdir -p
configure:2713: result: /usr/bin/mkdir -p
configure:2720: checking for gawk
configure:2736: found /usr/bin/gawk
configure:2747: result: gawk
configure:2758: checking whether make sets $(MAKE)
configure:2780: result: yes
configure:2809: checking whether make supports nested variables
configure:2826: result: yes
configure:3002: checking for gcc
configure:3018: found /usr/bin/gcc
configure:3029: result: gcc
configure:3258: checking for C compiler version
configure:3267: gcc --version >&5
gcc (GCC) 9.2.0
Copyright (C) 2019 Free Software Foundation, Inc.
This is free software; see the source for copying conditions.  There is NO
warranty; not even for MERCHANTABILITY or FITNESS FOR A PARTICULAR PURPOSE.

configure:3278: $? = 0
configure:3267: gcc -v >&5
Using built-in specs.
COLLECT_GCC=gcc
COLLECT_LTO_WRAPPER=/usr/lib/gcc/x86_64-pc-cygwin/9.2.0/lto-wrapper.exe
Target: x86_64-pc-cygwin
Configured with: /cygdrive/i/szsz/tmpp/gcc/gcc-9.2.0-2.x86_64/src/gcc-9.2.0/configure --srcdir=/cygdrive/i/szsz/tmpp/gcc/gcc-9.2.0-2.x86_64/src/gcc-9.2.0 --prefix=/usr --exec-prefix=/usr --localstatedir=/var --sysconfdir=/etc --docdir=/usr/share/doc/gcc --htmldir=/usr/share/doc/gcc/html -C --build=x86_64-pc-cygwin --host=x86_64-pc-cygwin --target=x86_64-pc-cygwin --without-libiconv-prefix --without-libintl-prefix --libexecdir=/usr/lib --enable-shared --enable-shared-libgcc --enable-static --enable-version-specific-runtime-libs --enable-bootstrap --enable-__cxa_atexit --with-dwarf2 --with-tune=generic --enable-languages=c,c++,fortran,lto,objc,obj-c++ --enable-graphite --enable-threads=posix --enable-libatomic --enable-libgomp --enable-libquadmath --enable-libquadmath-support --disable-libssp --enable-libada --disable-symvers --with-gnu-ld --with-gnu-as --with-cloog-include=/usr/include/cloog-isl --without-libiconv-prefix --without-libintl-prefix --with-system-zlib --enable-linker-build-id --with-default-libstdcxx-abi=gcc4-compatible --enable-libstdcxx-filesystem-ts
Thread model: posix
gcc version 9.2.0 (GCC) 
configure:3278: $? = 0
configure:3267: gcc -V >&5
gcc: error: unrecognized command line option '-V'
gcc: fatal error: no input files
compilation terminated.
configure:3278: $? = 1
configure:3267: gcc -qversion >&5
gcc: error: unrecognized command line option '-qversion'; did you mean '--version'?
gcc: fatal error: no input files
compilation terminated.
configure:3278: $? = 1
configure:3298: checking whether the C compiler works
configure:3320: gcc    conftest.c  >&5
configure:3324: $? = 0
configure:3372: result: yes
configure:3375: checking for C compiler default output file name
configure:3377: result: a.exe
configure:3383: checking for suffix of executables
configure:3390: gcc -o conftest.exe    conftest.c  >&5
configure:3394: $? = 0
configure:3416: result: .exe
configure:3438: checking whether we are cross compiling
configure:3446: gcc -o conftest.exe    conftest.c  >&5
configure:3450: $? = 0
configure:3457: ./conftest.exe
configure:3461: $? = 0
configure:3476: result: no
configure:3481: checking for suffix of object files
configure:3503: gcc -c   conftest.c >&5
configure:3507: $? = 0
configure:3528: result: o
configure:3532: checking whether we are using the GNU C compiler
configure:3551: gcc -c   conftest.c >&5
configure:3551: $? = 0
configure:3560: result: yes
configure:3569: checking whether gcc accepts -g
configure:3589: gcc -c -g  conftest.c >&5
configure:3589: $? = 0
configure:3630: result: yes
configure:3647: checking for gcc option to accept ISO C89
configure:3710: gcc  -c -g -O2  conftest.c >&5
configure:3710: $? = 0
configure:3723: result: none needed
configure:3748: checking whether gcc understands -c and -o together
configure:3770: gcc -c conftest.c -o conftest2.o
configure:3773: $? = 0
configure:3770: gcc -c conftest.c -o conftest2.o
configure:3773: $? = 0
configure:3785: result: yes
configure:3805: checking whether make supports the include directive
configure:3820: make -f confmf.GNU && cat confinc.out
this is the am__doit target
configure:3823: $? = 0
configure:3842: result: yes (GNU style)
configure:3867: checking dependency style of gcc
configure:3978: result: gcc3
configure:4036: checking for ranlib
configure:4052: found /usr/bin/ranlib
configure:4063: result: ranlib
configure:4095: checking how to run the C preprocessor
configure:4126: gcc -E  conftest.c
configure:4126: $? = 0
configure:4140: gcc -E  conftest.c
conftest.c:11:10: fatal error: ac_nonexistent.h: No such file or directory
   11 | #include <ac_nonexistent.h>
      |          ^~~~~~~~~~~~~~~~~~
compilation terminated.
configure:4140: $? = 1
configure: failed program was:
| /* confdefs.h */
| #define PACKAGE_NAME "FULL-PACKAGE-NAME"
| #define PACKAGE_TARNAME "full-package-name"
| #define PACKAGE_VERSION "VERSION"
| #define PACKAGE_STRING "FULL-PACKAGE-NAME VERSION"
| #define PACKAGE_BUGREPORT "BUG-REPORT-ADDRESS"
| #define PACKAGE_URL ""
| #define PACKAGE "full-package-name"
| #define VERSION "VERSION"
| /* end confdefs.h.  */
| #include <ac_nonexistent.h>
configure:4165: result: gcc -E
configure:4185: gcc -E  conftest.c
configure:4185: $? = 0
configure:4199: gcc -E  conftest.c
conftest.c:11:10: fatal error: ac_nonexistent.h: No such file or directory
   11 | #include <ac_nonexistent.h>
      |          ^~~~~~~~~~~~~~~~~~
compilation terminated.
configure:4199: $? = 1
configure: failed program was:
| /* confdefs.h */
| #define PACKAGE_NAME "FULL-PACKAGE-NAME"
| #define PACKAGE_TARNAME "full-package-name"
| #define PACKAGE_VERSION "VERSION"
| #define PACKAGE_STRING "FULL-PACKAGE-NAME VERSION"
| #define PACKAGE_BUGREPORT "BUG-REPORT-ADDRESS"
| #define PACKAGE_URL ""
| #define PACKAGE "full-package-name"
| #define VERSION "VERSION"
| /* end confdefs.h.  */
| #include <ac_nonexistent.h>
configure:4228: checking for grep that handles long lines and -e
configure:4286: result: /usr/bin/grep
configure:4291: checking for egrep
configure:4353: result: /usr/bin/grep -E
configure:4358: checking for ANSI C header files
configure:4378: gcc -c -g -O2  conftest.c >&5
configure:4378: $? = 0
configure:4451: gcc -o conftest.exe -g -O2   conftest.c  >&5
configure:4451: $? = 0
configure:4451: ./conftest.exe
configure:4451: $? = 0
configure:4462: result: yes
configure:4475: checking for sys/types.h
configure:4475: gcc -c -g -O2  conftest.c >&5
configure:4475: $? = 0
configure:4475: result: yes
configure:4475: checking for sys/stat.h
configure:4475: gcc -c -g -O2  conftest.c >&5
configure:4475: $? = 0
configure:4475: result: yes
configure:4475: checking for stdlib.h
configure:4475: gcc -c -g -O2  conftest.c >&5
configure:4475: $? = 0
configure:4475: result: yes
configure:4475: checking for string.h
configure:4475: gcc -c -g -O2  conftest.c >&5
configure:4475: $? = 0
configure:4475: result: yes
configure:4475: checking for memory.h
configure:4475: gcc -c -g -O2  conftest.c >&5
configure:4475: $? = 0
configure:4475: result: yes
configure:4475: checking for strings.h
configure:4475: gcc -c -g -O2  conftest.c >&5
configure:4475: $? = 0
configure:4475: result: yes
configure:4475: checking for inttypes.h
configure:4475: gcc -c -g -O2  conftest.c >&5
configure:4475: $? = 0
configure:4475: result: yes
configure:4475: checking for stdint.h
configure:4475: gcc -c -g -O2  conftest.c >&5
configure:4475: $? = 0
configure:4475: result: yes
configure:4475: checking for unistd.h
configure:4475: gcc -c -g -O2  conftest.c >&5
configure:4475: $? = 0
configure:4475: result: yes
configure:4490: checking arpa/inet.h usability
configure:4490: gcc -c -g -O2  conftest.c >&5
configure:4490: $? = 0
configure:4490: result: yes
configure:4490: checking arpa/inet.h presence
configure:4490: gcc -E  conftest.c
configure:4490: $? = 0
configure:4490: result: yes
configure:4490: checking for arpa/inet.h
configure:4490: result: yes
configure:4490: checking fcntl.h usability
configure:4490: gcc -c -g -O2  conftest.c >&5
configure:4490: $? = 0
configure:4490: result: yes
configure:4490: checking fcntl.h presence
configure:4490: gcc -E  conftest.c
configure:4490: $? = 0
configure:4490: result: yes
configure:4490: checking for fcntl.h
configure:4490: result: yes
configure:4490: checking limits.h usability
configure:4490: gcc -c -g -O2  conftest.c >&5
configure:4490: $? = 0
configure:4490: result: yes
configure:4490: checking limits.h presence
configure:4490: gcc -E  conftest.c
configure:4490: $? = 0
configure:4490: result: yes
configure:4490: checking for limits.h
configure:4490: result: yes
configure:4490: checking for memory.h
configure:4490: result: yes
configure:4490: checking netdb.h usability
configure:4490: gcc -c -g -O2  conftest.c >&5
configure:4490: $? = 0
configure:4490: result: yes
configure:4490: checking netdb.h presence
configure:4490: gcc -E  conftest.c
configure:4490: $? = 0
configure:4490: result: yes
configure:4490: checking for netdb.h
configure:4490: result: yes
configure:4490: checking netinet/in.h usability
configure:4490: gcc -c -g -O2  conftest.c >&5
configure:4490: $? = 0
configure:4490: result: yes
configure:4490: checking netinet/in.h presence
configure:4490: gcc -E  conftest.c
configure:4490: $? = 0
configure:4490: result: yes
configure:4490: checking for netinet/in.h
configure:4490: result: yes
configure:4490: checking stddef.h usability
configure:4490: gcc -c -g -O2  conftest.c >&5
configure:4490: $? = 0
configure:4490: result: yes
configure:4490: checking stddef.h presence
configure:4490: gcc -E  conftest.c
configure:4490: $? = 0
configure:4490: result: yes
configure:4490: checking for stddef.h
configure:4490: result: yes
configure:4490: checking for stdint.h
configure:4490: result: yes
configure:4490: checking for stdlib.h
configure:4490: result: yes
configure:4490: checking for string.h
configure:4490: result: yes
configure:4490: checking sys/param.h usability
configure:4490: gcc -c -g -O2  conftest.c >&5
configure:4490: $? = 0
configure:4490: result: yes
configure:4490: checking sys/param.h presence
configure:4490: gcc -E  conftest.c
configure:4490: $? = 0
configure:4490: result: yes
configure:4490: checking for sys/param.h
configure:4490: result: yes
configure:4490: checking sys/socket.h usability
configure:4490: gcc -c -g -O2  conftest.c >&5
configure:4490: $? = 0
configure:4490: result: yes
configure:4490: checking sys/socket.h presence
configure:4490: gcc -E  conftest.c
configure:4490: $? = 0
configure:4490: result: yes
configure:4490: checking for sys/socket.h
configure:4490: result: yes
configure:4490: checking sys/time.h usability
configure:4490: gcc -c -g -O2  conftest.c >&5
configure:4490: $? = 0
configure:4490: result: yes
configure:4490: checking sys/time.h presence
configure:4490: gcc -E  conftest.c
configure:4490: $? = 0
configure:4490: result: yes
configure:4490: checking for sys/time.h
configure:4490: result: yes
configure:4490: checking sys/timeb.h usability
configure:4490: gcc -c -g -O2  conftest.c >&5
configure:4490: $? = 0
configure:4490: result: yes
configure:4490: checking sys/timeb.h presence
configure:4490: gcc -E  conftest.c
configure:4490: $? = 0
configure:4490: result: yes
configure:4490: checking for sys/timeb.h
configure:4490: result: yes
configure:4490: checking syslog.h usability
configure:4490: gcc -c -g -O2  conftest.c >&5
configure:4490: $? = 0
configure:4490: result: yes
configure:4490: checking syslog.h presence
configure:4490: gcc -E  conftest.c
configure:4490: $? = 0
configure:4490: result: yes
configure:4490: checking for syslog.h
configure:4490: result: yes
configure:4490: checking for unistd.h
configure:4490: result: yes
configure:4502: checking for stdbool.h that conforms to C99
configure:4569: gcc -c -g -O2  conftest.c >&5
configure:4569: $? = 0
configure:4576: result: yes
configure:4578: checking for _Bool
configure:4578: gcc -c -g -O2  conftest.c >&5
configure:4578: $? = 0
configure:4578: gcc -c -g -O2  conftest.c >&5
conftest.c: In function 'main':
conftest.c:73:20: error: expected expression before ')' token
   73 | if (sizeof ((_Bool)))
      |                    ^
configure:4578: $? = 1
configure: failed program was:
| /* confdefs.h */
| #define PACKAGE_NAME "FULL-PACKAGE-NAME"
| #define PACKAGE_TARNAME "full-package-name"
| #define PACKAGE_VERSION "VERSION"
| #define PACKAGE_STRING "FULL-PACKAGE-NAME VERSION"
| #define PACKAGE_BUGREPORT "BUG-REPORT-ADDRESS"
| #define PACKAGE_URL ""
| #define PACKAGE "full-package-name"
| #define VERSION "VERSION"
| #define STDC_HEADERS 1
| #define HAVE_SYS_TYPES_H 1
| #define HAVE_SYS_STAT_H 1
| #define HAVE_STDLIB_H 1
| #define HAVE_STRING_H 1
| #define HAVE_MEMORY_H 1
| #define HAVE_STRINGS_H 1
| #define HAVE_INTTYPES_H 1
| #define HAVE_STDINT_H 1
| #define HAVE_UNISTD_H 1
| #define HAVE_ARPA_INET_H 1
| #define HAVE_FCNTL_H 1
| #define HAVE_LIMITS_H 1
| #define HAVE_MEMORY_H 1
| #define HAVE_NETDB_H 1
| #define HAVE_NETINET_IN_H 1
| #define HAVE_STDDEF_H 1
| #define HAVE_STDINT_H 1
| #define HAVE_STDLIB_H 1
| #define HAVE_STRING_H 1
| #define HAVE_SYS_PARAM_H 1
| #define HAVE_SYS_SOCKET_H 1
| #define HAVE_SYS_TIME_H 1
| #define HAVE_SYS_TIMEB_H 1
| #define HAVE_SYSLOG_H 1
| #define HAVE_UNISTD_H 1
| /* end confdefs.h.  */
| #include <stdio.h>
| #ifdef HAVE_SYS_TYPES_H
| # include <sys/types.h>
| #endif
| #ifdef HAVE_SYS_STAT_H
| # include <sys/stat.h>
| #endif
| #ifdef STDC_HEADERS
| # include <stdlib.h>
| # include <stddef.h>
| #else
| # ifdef HAVE_STDLIB_H
| #  include <stdlib.h>
| # endif
| #endif
| #ifdef HAVE_STRING_H
| # if !defined STDC_HEADERS && defined HAVE_MEMORY_H
| #  include <memory.h>
| # endif
| # include <string.h>
| #endif
| #ifdef HAVE_STRINGS_H
| # include <strings.h>
| #endif
| #ifdef HAVE_INTTYPES_H
| # include <inttypes.h>
| #endif
| #ifdef HAVE_STDINT_H
| # include <stdint.h>
| #endif
| #ifdef HAVE_UNISTD_H
| # include <unistd.h>
| #endif
| int
| main ()
| {
| if (sizeof ((_Bool)))
| 	    return 0;
|   ;
|   return 0;
| }
configure:4578: result: yes
configure:4589: checking for int64_t
configure:4589: gcc -c -g -O2  conftest.c >&5
configure:4589: $? = 0
configure:4589: gcc -c -g -O2  conftest.c >&5
conftest.c: In function 'main':
conftest.c:76:53: warning: integer overflow in expression of type 'long int' results in '-9223372036854775808' [-Woverflow]
   76 |    < (int64_t) (((((int64_t) 1 << N) << N) - 1) * 2 + 2))];
      |                                                     ^
conftest.c:75:12: error: storage size of 'test_array' isn't constant
   75 | static int test_array [1 - 2 * !((int64_t) (((((int64_t) 1 << N) << N) - 1) * 2 + 1)
      |            ^~~~~~~~~~
configure:4589: $? = 1
configure: failed program was:
| /* confdefs.h */
| #define PACKAGE_NAME "FULL-PACKAGE-NAME"
| #define PACKAGE_TARNAME "full-package-name"
| #define PACKAGE_VERSION "VERSION"
| #define PACKAGE_STRING "FULL-PACKAGE-NAME VERSION"
| #define PACKAGE_BUGREPORT "BUG-REPORT-ADDRESS"
| #define PACKAGE_URL ""
| #define PACKAGE "full-package-name"
| #define VERSION "VERSION"
| #define STDC_HEADERS 1
| #define HAVE_SYS_TYPES_H 1
| #define HAVE_SYS_STAT_H 1
| #define HAVE_STDLIB_H 1
| #define HAVE_STRING_H 1
| #define HAVE_MEMORY_H 1
| #define HAVE_STRINGS_H 1
| #define HAVE_INTTYPES_H 1
| #define HAVE_STDINT_H 1
| #define HAVE_UNISTD_H 1
| #define HAVE_ARPA_INET_H 1
| #define HAVE_FCNTL_H 1
| #define HAVE_LIMITS_H 1
| #define HAVE_MEMORY_H 1
| #define HAVE_NETDB_H 1
| #define HAVE_NETINET_IN_H 1
| #define HAVE_STDDEF_H 1
| #define HAVE_STDINT_H 1
| #define HAVE_STDLIB_H 1
| #define HAVE_STRING_H 1
| #define HAVE_SYS_PARAM_H 1
| #define HAVE_SYS_SOCKET_H 1
| #define HAVE_SYS_TIME_H 1
| #define HAVE_SYS_TIMEB_H 1
| #define HAVE_SYSLOG_H 1
| #define HAVE_UNISTD_H 1
| #define HAVE__BOOL 1
| /* end confdefs.h.  */
| #include <stdio.h>
| #ifdef HAVE_SYS_TYPES_H
| # include <sys/types.h>
| #endif
| #ifdef HAVE_SYS_STAT_H
| # include <sys/stat.h>
| #endif
| #ifdef STDC_HEADERS
| # include <stdlib.h>
| # include <stddef.h>
| #else
| # ifdef HAVE_STDLIB_H
| #  include <stdlib.h>
| # endif
| #endif
| #ifdef HAVE_STRING_H
| # if !defined STDC_HEADERS && defined HAVE_MEMORY_H
| #  include <memory.h>
| # endif
| # include <string.h>
| #endif
| #ifdef HAVE_STRINGS_H
| # include <strings.h>
| #endif
| #ifdef HAVE_INTTYPES_H
| # include <inttypes.h>
| #endif
| #ifdef HAVE_STDINT_H
| # include <stdint.h>
| #endif
| #ifdef HAVE_UNISTD_H
| # include <unistd.h>
| #endif
| 	        enum { N = 64 / 2 - 1 };
| int
| main ()
| {
| static int test_array [1 - 2 * !((int64_t) (((((int64_t) 1 << N) << N) - 1) * 2 + 1)
| 		 < (int64_t) (((((int64_t) 1 << N) << N) - 1) * 2 + 2))];
| test_array [0] = 0;
| return test_array [0];
| 
|   ;
|   return 0;
| }
configure:4589: result: yes
configure:4600: checking for size_t
configure:4600: gcc -c -g -O2  conftest.c >&5
configure:4600: $? = 0
configure:4600: gcc -c -g -O2  conftest.c >&5
conftest.c: In function 'main':
conftest.c:74:21: error: expected expression before ')' token
   74 | if (sizeof ((size_t)))
      |                     ^
configure:4600: $? = 1
configure: failed program was:
| /* confdefs.h */
| #define PACKAGE_NAME "FULL-PACKAGE-NAME"
| #define PACKAGE_TARNAME "full-package-name"
| #define PACKAGE_VERSION "VERSION"
| #define PACKAGE_STRING "FULL-PACKAGE-NAME VERSION"
| #define PACKAGE_BUGREPORT "BUG-REPORT-ADDRESS"
| #define PACKAGE_URL ""
| #define PACKAGE "full-package-name"
| #define VERSION "VERSION"
| #define STDC_HEADERS 1
| #define HAVE_SYS_TYPES_H 1
| #define HAVE_SYS_STAT_H 1
| #define HAVE_STDLIB_H 1
| #define HAVE_STRING_H 1
| #define HAVE_MEMORY_H 1
| #define HAVE_STRINGS_H 1
| #define HAVE_INTTYPES_H 1
| #define HAVE_STDINT_H 1
| #define HAVE_UNISTD_H 1
| #define HAVE_ARPA_INET_H 1
| #define HAVE_FCNTL_H 1
| #define HAVE_LIMITS_H 1
| #define HAVE_MEMORY_H 1
| #define HAVE_NETDB_H 1
| #define HAVE_NETINET_IN_H 1
| #define HAVE_STDDEF_H 1
| #define HAVE_STDINT_H 1
| #define HAVE_STDLIB_H 1
| #define HAVE_STRING_H 1
| #define HAVE_SYS_PARAM_H 1
| #define HAVE_SYS_SOCKET_H 1
| #define HAVE_SYS_TIME_H 1
| #define HAVE_SYS_TIMEB_H 1
| #define HAVE_SYSLOG_H 1
| #define HAVE_UNISTD_H 1
| #define HAVE__BOOL 1
| /* end confdefs.h.  */
| #include <stdio.h>
| #ifdef HAVE_SYS_TYPES_H
| # include <sys/types.h>
| #endif
| #ifdef HAVE_SYS_STAT_H
| # include <sys/stat.h>
| #endif
| #ifdef STDC_HEADERS
| # include <stdlib.h>
| # include <stddef.h>
| #else
| # ifdef HAVE_STDLIB_H
| #  include <stdlib.h>
| # endif
| #endif
| #ifdef HAVE_STRING_H
| # if !defined STDC_HEADERS && defined HAVE_MEMORY_H
| #  include <memory.h>
| # endif
| # include <string.h>
| #endif
| #ifdef HAVE_STRINGS_H
| # include <strings.h>
| #endif
| #ifdef HAVE_INTTYPES_H
| # include <inttypes.h>
| #endif
| #ifdef HAVE_STDINT_H
| # include <stdint.h>
| #endif
| #ifdef HAVE_UNISTD_H
| # include <unistd.h>
| #endif
| int
| main ()
| {
| if (sizeof ((size_t)))
| 	    return 0;
|   ;
|   return 0;
| }
configure:4600: result: yes
configure:4611: checking for uint16_t
configure:4611: gcc -c -g -O2  conftest.c >&5
configure:4611: $? = 0
configure:4611: result: yes
configure:4623: checking for uint32_t
configure:4623: gcc -c -g -O2  conftest.c >&5
configure:4623: $? = 0
configure:4623: result: yes
configure:4637: checking for uint64_t
configure:4637: gcc -c -g -O2  conftest.c >&5
configure:4637: $? = 0
configure:4637: result: yes
configure:4651: checking for uint8_t
configure:4651: gcc -c -g -O2  conftest.c >&5
configure:4651: $? = 0
configure:4651: result: yes
configure:4667: checking whether lstat correctly handles trailing slash
configure:4693: gcc -o conftest.exe -g -O2   conftest.c  >&5
configure:4693: $? = 0
configure:4693: ./conftest.exe
configure:4693: $? = 0
configure:4710: result: yes
configure:4731: checking for stdlib.h
configure:4731: result: yes
configure:4741: checking for GNU libc compatible malloc
configure:4765: gcc -o conftest.exe -g -O2   conftest.c  >&5
configure:4765: $? = 0
configure:4765: ./conftest.exe
configure:4765: $? = 0
configure:4775: result: yes
configure:4798: checking for stdlib.h
configure:4798: result: yes
configure:4808: checking for GNU libc compatible realloc
configure:4832: gcc -o conftest.exe -g -O2   conftest.c  >&5
configure:4832: $? = 0
configure:4832: ./conftest.exe
configure:4832: $? = 0
configure:4842: result: yes
configure:4866: checking for clock_gettime
configure:4866: gcc -o conftest.exe -g -O2   conftest.c  >&5
configure:4866: $? = 0
configure:4866: result: yes
configure:4866: checking for ftime
configure:4866: gcc -o conftest.exe -g -O2   conftest.c  >&5
configure:4866: $? = 0
configure:4866: result: yes
configure:4866: checking for gettimeofday
configure:4866: gcc -o conftest.exe -g -O2   conftest.c  >&5
configure:4866: $? = 0
configure:4866: result: yes
configure:4866: checking for memchr
configure:4866: gcc -o conftest.exe -g -O2   conftest.c  >&5
conftest.c:69:6: warning: conflicting types for built-in function 'memchr'; expected 'void *(const void *, int,  long unsigned int)' [-Wbuiltin-declaration-mismatch]
   69 | char memchr ();
      |      ^~~~~~
conftest.c:57:1: note: 'memchr' is declared in header '<string.h>'
   56 | # include <limits.h>
   57 | #else
configure:4866: $? = 0
configure:4866: result: yes
configure:4866: checking for memset
configure:4866: gcc -o conftest.exe -g -O2   conftest.c  >&5
conftest.c:70:6: warning: conflicting types for built-in function 'memset'; expected 'void *(void *, int,  long unsigned int)' [-Wbuiltin-declaration-mismatch]
   70 | char memset ();
      |      ^~~~~~
conftest.c:58:1: note: 'memset' is declared in header '<string.h>'
   57 | # include <limits.h>
   58 | #else
configure:4866: $? = 0
configure:4866: result: yes
configure:4866: checking for mkdir
configure:4866: gcc -o conftest.exe -g -O2   conftest.c  >&5
configure:4866: $? = 0
configure:4866: result: yes
configure:4866: checking for rmdir
configure:4866: gcc -o conftest.exe -g -O2   conftest.c  >&5
configure:4866: $? = 0
configure:4866: result: yes
configure:4866: checking for select
configure:4866: gcc -o conftest.exe -g -O2   conftest.c  >&5
configure:4866: $? = 0
configure:4866: result: yes
configure:4866: checking for socket
configure:4866: gcc -o conftest.exe -g -O2   conftest.c  >&5
configure:4866: $? = 0
configure:4866: result: yes
configure:4866: checking for strchr
configure:4866: gcc -o conftest.exe -g -O2   conftest.c  >&5
conftest.c:75:6: warning: conflicting types for built-in function 'strchr'; expected 'char *(const char *, int)' [-Wbuiltin-declaration-mismatch]
   75 | char strchr ();
      |      ^~~~~~
conftest.c:63:1: note: 'strchr' is declared in header '<string.h>'
   62 | # include <limits.h>
   63 | #else
configure:4866: $? = 0
configure:4866: result: yes
configure:4866: checking for strerror
configure:4866: gcc -o conftest.exe -g -O2   conftest.c  >&5
configure:4866: $? = 0
configure:4866: result: yes
configure:4866: checking for strncasecmp
configure:4866: gcc -o conftest.exe -g -O2   conftest.c  >&5
conftest.c:77:6: warning: conflicting types for built-in function 'strncasecmp'; expected 'int(const char *, const char *, long unsigned int)' [-Wbuiltin-declaration-mismatch]
   77 | char strncasecmp ();
      |      ^~~~~~~~~~~
configure:4866: $? = 0
configure:4866: result: yes
configure:4866: checking for strndup
configure:4866: gcc -o conftest.exe -g -O2   conftest.c  >&5
conftest.c:78:6: warning: conflicting types for built-in function 'strndup'; expected 'char *(const char *, long unsigned int)' [-Wbuiltin-declaration-mismatch]
   78 | char strndup ();
      |      ^~~~~~~
configure:4866: $? = 0
configure:4866: result: yes
configure:4866: checking for strrchr
configure:4866: gcc -o conftest.exe -g -O2   conftest.c  >&5
conftest.c:79:6: warning: conflicting types for built-in function 'strrchr'; expected 'char *(const char *, int)' [-Wbuiltin-declaration-mismatch]
   79 | char strrchr ();
      |      ^~~~~~~
conftest.c:67:1: note: 'strrchr' is declared in header '<string.h>'
   66 | # include <limits.h>
   67 | #else
configure:4866: $? = 0
configure:4866: result: yes
configure:4866: checking for strstr
configure:4866: gcc -o conftest.exe -g -O2   conftest.c  >&5
conftest.c:80:6: warning: conflicting types for built-in function 'strstr'; expected 'char *(const char *, const char *)' [-Wbuiltin-declaration-mismatch]
   80 | char strstr ();
      |      ^~~~~~
conftest.c:68:1: note: 'strstr' is declared in header '<string.h>'
   67 | # include <limits.h>
   68 | #else
configure:4866: $? = 0
configure:4866: result: yes
configure:4987: checking that generated files are newer than configure
configure:4993: result: done
configure:5016: creating ./config.status

## ---------------------- ##
## Running config.status. ##
## ---------------------- ##

This file was extended by FULL-PACKAGE-NAME config.status VERSION, which was
generated by GNU Autoconf 2.69.  Invocation command line was

  CONFIG_FILES    = 
  CONFIG_HEADERS  = 
  CONFIG_LINKS    = 
  CONFIG_COMMANDS = 
  $ ./config.status 

on NS80021539

config.status:891: creating Makefile
config.status:891: creating config.h
config.status:1120: executing depfiles commands
config.status:1197: cd .       && sed -e '/# am--include-marker/d' Makefile         | make -f - am--depfiles
config.status:1202: $? = 0

## ---------------- ##
## Cache variables. ##
## ---------------- ##

ac_cv_c_compiler_gnu=yes
ac_cv_c_int64_t=yes
ac_cv_c_uint16_t=yes
ac_cv_c_uint32_t=yes
ac_cv_c_uint64_t=yes
ac_cv_c_uint8_t=yes
ac_cv_env_CC_set=
ac_cv_env_CC_value=
ac_cv_env_CFLAGS_set=
ac_cv_env_CFLAGS_value=
ac_cv_env_CPPFLAGS_set=
ac_cv_env_CPPFLAGS_value=
ac_cv_env_CPP_set=
ac_cv_env_CPP_value=
ac_cv_env_LDFLAGS_set=
ac_cv_env_LDFLAGS_value=
ac_cv_env_LIBS_set=
ac_cv_env_LIBS_value=
ac_cv_env_build_alias_set=
ac_cv_env_build_alias_value=
ac_cv_env_host_alias_set=
ac_cv_env_host_alias_value=
ac_cv_env_target_alias_set=
ac_cv_env_target_alias_value=
ac_cv_exeext=.exe
ac_cv_func_clock_gettime=yes
ac_cv_func_ftime=yes
ac_cv_func_gettimeofday=yes
ac_cv_func_lstat_dereferences_slashed_symlink=yes
ac_cv_func_malloc_0_nonnull=yes
ac_cv_func_memchr=yes
ac_cv_func_memset=yes
ac_cv_func_mkdir=yes
ac_cv_func_realloc_0_nonnull=yes
ac_cv_func_rmdir=yes
ac_cv_func_select=yes
ac_cv_func_socket=yes
ac_cv_func_strchr=yes
ac_cv_func_strerror=yes
ac_cv_func_strncasecmp=yes
ac_cv_func_strndup=yes
ac_cv_func_strrchr=yes
ac_cv_func_strstr=yes
ac_cv_header_arpa_inet_h=yes
ac_cv_header_fcntl_h=yes
ac_cv_header_inttypes_h=yes
ac_cv_header_limits_h=yes
ac_cv_header_memory_h=yes
ac_cv_header_netdb_h=yes
ac_cv_header_netinet_in_h=yes
ac_cv_header_stdbool_h=yes
ac_cv_header_stdc=yes
ac_cv_header_stddef_h=yes
ac_cv_header_stdint_h=yes
ac_cv_header_stdlib_h=yes
ac_cv_header_string_h=yes
ac_cv_header_strings_h=yes
ac_cv_header_sys_param_h=yes
ac_cv_header_sys_socket_h=yes
ac_cv_header_sys_stat_h=yes
ac_cv_header_sys_time_h=yes
ac_cv_header_sys_timeb_h=yes
ac_cv_header_sys_types_h=yes
ac_cv_header_syslog_h=yes
ac_cv_header_unistd_h=yes
ac_cv_objext=o
ac_cv_path_EGREP='/usr/bin/grep -E'
ac_cv_path_GREP=/usr/bin/grep
ac_cv_path_install='/usr/bin/install -c'
ac_cv_path_mkdir=/usr/bin/mkdir
ac_cv_prog_AWK=gawk
ac_cv_prog_CPP='gcc -E'
ac_cv_prog_ac_ct_CC=gcc
ac_cv_prog_ac_ct_RANLIB=ranlib
ac_cv_prog_cc_c89=
ac_cv_prog_cc_g=yes
ac_cv_prog_make_make_set=yes
ac_cv_type__Bool=yes
ac_cv_type_size_t=yes
am_cv_CC_dependencies_compiler_type=gcc3
am_cv_make_support_nested_variables=yes
am_cv_prog_cc_c_o=yes

## ----------------- ##
## Output variables. ##
## ----------------- ##

ACLOCAL='${SHELL} /cygdrive/d/code/mqtt/missing aclocal-1.16'
AMDEPBACKSLASH='\'
AMDEP_FALSE='#'
AMDEP_TRUE=''
AMTAR='$${TAR-tar}'
AM_BACKSLASH='\'
AM_DEFAULT_V='$(AM_DEFAULT_VERBOSITY)'
AM_DEFAULT_VERBOSITY='1'
AM_V='$(V)'
AUTOCONF='${SHELL} /cygdrive/d/code/mqtt/missing autoconf'
AUTOHEADER='${SHELL} /cygdrive/d/code/mqtt/missing autoheader'
AUTOMAKE='${SHELL} /cygdrive/d/code/mqtt/missing automake-1.16'
AWK='gawk'
CC='gcc'
CCDEPMODE='depmode=gcc3'
CFLAGS='-g -O2'
CPP='gcc -E'
CPPFLAGS=''
CYGPATH_W='cygpath -w'
DEFS='-DHAVE_CONFIG_H'
DEPDIR='.deps'
ECHO_C=''
ECHO_N='-n'
ECHO_T=''
EGREP='/usr/bin/grep -E'
EXEEXT='.exe'
GREP='/usr/bin/grep'
INSTALL_DATA='${INSTALL} -m 644'
INSTALL_PROGRAM='${INSTALL}'
INSTALL_SCRIPT='${INSTALL}'
INSTALL_STRIP_PROGRAM='$(install_sh) -c -s'
LDFLAGS=''
LIBOBJS=''
LIBS=''
LTLIBOBJS=''
MAKEINFO='${SHELL} /cygdrive/d/code/mqtt/missing makeinfo'
MKDIR_P='/usr/bin/mkdir -p'
OBJEXT='o'
PACKAGE='full-package-name'
PACKAGE_BUGREPORT='BUG-REPORT-ADDRESS'
PACKAGE_NAME='FULL-PACKAGE-NAME'
PACKAGE_STRING='FULL-PACKAGE-NAME VERSION'
PACKAGE_TARNAME='full-package-name'
PACKAGE_URL=''
PACKAGE_VERSION='VERSION'
PATH_SEPARATOR=':'
RANLIB='ranlib'
SET_MAKE=''
SHELL='/bin/sh'
STRIP=''
VERSION='VERSION'
ac_ct_CC='gcc'
am__EXEEXT_FALSE='#'
am__EXEEXT_TRUE=''
am__fastdepCC_FALSE='#'
am__fastdepCC_TRUE=''
am__include='include'
am__isrc=''
am__leading_dot='.'
am__nodep='_no'
am__quote=''
am__tar='$${TAR-tar} chof - "$$tardir"'
am__untar='$${TAR-tar} xf -'
bindir='${exec_prefix}/bin'
build_alias=''
datadir='${datarootdir}'
datarootdir='${prefix}/share'
docdir='${datarootdir}/doc/${PACKAGE_TARNAME}'
dvidir='${docdir}'
exec_prefix='${prefix}'
host_alias=''
htmldir='${docdir}'
includedir='${prefix}/include'
infodir='${datarootdir}/info'
install_sh='${SHELL} /cygdrive/d/code/mqtt/install-sh'
libdir='${exec_prefix}/lib'
libexecdir='${exec_prefix}/libexec'
localedir='${datarootdir}/locale'
localstatedir='${prefix}/var'
mandir='${datarootdir}/man'
mkdir_p='$(MKDIR_P)'
oldincludedir='/usr/include'
pdfdir='${docdir}'
prefix='/usr/local'
program_transform_name='s,x,x,'
psdir='${docdir}'
runstatedir='${localstatedir}/run'
sbindir='${exec_prefix}/sbin'
sharedstatedir='${prefix}/com'
sysconfdir='${prefix}/etc'
target_alias=''

## ----------- ##
## confdefs.h. ##
## ----------- ##

/* confdefs.h */
#define PACKAGE_NAME "FULL-PACKAGE-NAME"
#define PACKAGE_TARNAME "full-package-name"
#define PACKAGE_VERSION "VERSION"
#define PACKAGE_STRING "FULL-PACKAGE-NAME VERSION"
#define PACKAGE_BUGREPORT "BUG-REPORT-ADDRESS"
#define PACKAGE_URL ""
#define PACKAGE "full-package-name"
#define VERSION "VERSION"
#define STDC_HEADERS 1
#define HAVE_SYS_TYPES_H 1
#define HAVE_SYS_STAT_H 1
#define HAVE_STDLIB_H 1
#define HAVE_STRING_H 1
#define HAVE_MEMORY_H 1
#define HAVE_STRINGS_H 1
#define HAVE_INTTYPES_H 1
#define HAVE_STDINT_H 1
#define HAVE_UNISTD_H 1
#define HAVE_ARPA_INET_H 1
#define HAVE_FCNTL_H 1
#define HAVE_LIMITS_H 1
#define HAVE_MEMORY_H 1
#define HAVE_NETDB_H 1
#define HAVE_NETINET_IN_H 1
#define HAVE_STDDEF_H 1
#define HAVE_STDINT_H 1
#define HAVE_STDLIB_H 1
#define HAVE_STRING_H 1
#define HAVE_SYS_PARAM_H 1
#define HAVE_SYS_SOCKET_H 1
#define HAVE_SYS_TIME_H 1
#define HAVE_SYS_TIMEB_H 1
#define HAVE_SYSLOG_H 1
#define HAVE_UNISTD_H 1
#define HAVE__BOOL 1
#define LSTAT_FOLLOWS_SLASHED_SYMLINK 1
#define HAVE_STDLIB_H 1
#define HAVE_MALLOC 1
#define HAVE_STDLIB_H 1
#define HAVE_REALLOC 1
#define HAVE_CLOCK_GETTIME 1
#define HAVE_FTIME 1
#define HAVE_GETTIMEOFDAY 1
#define HAVE_MEMCHR 1
#define HAVE_MEMSET 1
#define HAVE_MKDIR 1
#define HAVE_RMDIR 1
#define HAVE_SELECT 1
#define HAVE_SOCKET 1
#define HAVE_STRCHR 1
#define HAVE_STRERROR 1
#define HAVE_STRNCASECMP 1
#define HAVE_STRNDUP 1
#define HAVE_STRRCHR 1
#define HAVE_STRSTR 1

configure: exit 0

## ---------------------- ##
## Running config.status. ##
## ---------------------- ##

This file was extended by FULL-PACKAGE-NAME config.status VERSION, which was
generated by GNU Autoconf 2.69.  Invocation command line was

  CONFIG_FILES    = 
  CONFIG_HEADERS  = 
  CONFIG_LINKS    = 
  CONFIG_COMMANDS = 
  $ ./config.status config.h

on NS80021539

config.status:891: creating config.h
config.status:1072: config.h is unchanged
